[2024-09-23 16:07:17] local.INFO: array (
  '_token' => 'RHXg3Du3LD8tHyg9YpnKazkRG40Q6hSHN5QVBIFV',
  'bankUser_id' => '120',
  'bankUser_img' => '1726721401-br.png',
  'name' => 'dsada',
  'father_name' => 'dsad',
  'mother_name' => 'dsa',
  'spouse_name' => 'asd',
  'birth_date' => '2024-10-09',
  'blood_group' => 'A+',
  'nationality' => 'Bangladeshi',
  'national_id' => '1234567892',
  'religion' => 'das',
  'contact' => '12121212121',
  'mobile' => '101',
  'email' => 'sas@gmail.com',
  'district' => 'Dhaka',
  'thana_id' => '1',
  'union_id' => '20',
  'village_id' => '53',
  'post_office' => 'weqw-1320',
  'present_address' => 'dasdasdad dadasd ,sdasdas,dasdasd,dasdsad',
  'designation_id' => 'dsad',
  'comitee_designation' => 'Lifetime Member',
  'branch' => 'sdasd',
  'bank_name' => 'asdasd',
  'section' => 'dasdas',
  'facebook_id' => 'dasdas',
  'status' => '2',
)  
[2024-09-23 16:09:10] local.INFO: array (
  '_token' => 'RHXg3Du3LD8tHyg9YpnKazkRG40Q6hSHN5QVBIFV',
  'bankUser_id' => '114',
  'bankUser_img' => '1726719498-br.png',
  'name' => 'saSAASs assadasdasd sASAs asASA AASAsAS asaS',
  'father_name' => 'saSAASs assadasdasd sASAs asASA AASAsAS asaS',
  'mother_name' => 'saSAASs assadasdasd sASAs asASA AASAsAS asaS',
  'spouse_name' => 'saSAASs assadasdasd sASAs asASA AASAsAS asaS',
  'birth_date' => '2024-09-19',
  'blood_group' => 'B+',
  'nationality' => 'Bangladeshi',
  'national_id' => '1234567876',
  'religion' => 'asdddsda',
  'contact' => '12121212121',
  'mobile' => '741',
  'email' => 'aba212@gmail.com',
  'district' => 'Dhaka',
  'thana_id' => '1',
  'union_id' => '21',
  'village_id' => '104',
  'post_office' => '1212',
  'present_address' => 'dfdf',
  'designation_id' => 'ddghggg',
  'comitee_designation' => 'Lifetime Member',
  'branch' => 'asdasdsa',
  'bank_name' => 'dsadas',
  'section' => 'dasdas',
  'facebook_id' => 'dasdsa',
  'status' => '2',
)  
